[debug] [2023-12-15T15:13:52.432Z] ----------------------------------------------------------------------
[debug] [2023-12-15T15:13:52.434Z] Command:       /usr/local/bin/node /Users/ha-jcook/.npm-global/bin/firebase init
[debug] [2023-12-15T15:13:52.434Z] CLI Version:   13.0.2
[debug] [2023-12-15T15:13:52.434Z] Platform:      darwin
[debug] [2023-12-15T15:13:52.435Z] Node Version:  v21.4.0
[debug] [2023-12-15T15:13:52.435Z] Time:          Fri Dec 15 2023 09:13:52 GMT-0600 (Central Standard Time)
[debug] [2023-12-15T15:13:52.435Z] ----------------------------------------------------------------------
[debug] 
[debug] [2023-12-15T15:13:52.438Z] > command requires scopes: ["email","openid","https://www.googleapis.com/auth/cloudplatformprojects.readonly","https://www.googleapis.com/auth/firebase","https://www.googleapis.com/auth/cloud-platform"]
[debug] [2023-12-15T15:13:52.438Z] > authorizing via signed-in user (jcook@12twomissions.com)
[info] 
     ######## #### ########  ######## ########     ###     ######  ########
     ##        ##  ##     ## ##       ##     ##  ##   ##  ##       ##
     ######    ##  ########  ######   ########  #########  ######  ######
     ##        ##  ##    ##  ##       ##     ## ##     ##       ## ##
     ##       #### ##     ## ######## ########  ##     ##  ######  ########

You're about to initialize a Firebase project in this directory:

  /Users/ha-jcook/REPOS/Scratch/firebase-test-project

[info] 
=== Project Setup
[info] 
[info] First, let's associate this project directory with a Firebase project.
[info] You can create multiple project aliases by running firebase use --add, 
[info] but for now we'll just set up a default project.
[info] 
[debug] [2023-12-15T15:14:43.922Z] >>> [apiv2][query] GET https://firebase.googleapis.com/v1beta1/projects pageSize=100
[debug] [2023-12-15T15:14:44.336Z] <<< [apiv2][status] GET https://firebase.googleapis.com/v1beta1/projects 200
[debug] [2023-12-15T15:14:44.336Z] <<< [apiv2][body] GET https://firebase.googleapis.com/v1beta1/projects [omitted]
[info] i  Using project test-project-da190 (Test Project) 
[info] 
=== Hosting Setup
[debug] [2023-12-15T15:14:50.883Z] >>> [apiv2][query] GET https://firebase.googleapis.com/v1beta1/projects/test-project-da190 [none]
[debug] [2023-12-15T15:14:51.043Z] <<< [apiv2][status] GET https://firebase.googleapis.com/v1beta1/projects/test-project-da190 200
[debug] [2023-12-15T15:14:51.043Z] <<< [apiv2][body] GET https://firebase.googleapis.com/v1beta1/projects/test-project-da190 {"projectId":"test-project-da190","projectNumber":"574727428890","displayName":"Test Project","name":"projects/test-project-da190","resources":{"hostingSite":"test-project-da190"},"state":"ACTIVE","etag":"1_5e9e3e36-b27e-4550-828c-41bddee175ce"}
[info] 
[info] Your public directory is the folder (relative to your project directory) that
[info] will contain Hosting assets to be uploaded with firebase deploy. If you
[info] have a build process for your assets, use your build's output directory.
[info] 
[info] ✔  Wrote public/404.html 
[debug] [2023-12-15T15:16:10.051Z] >>> [apiv2][query] GET https://www.gstatic.com/firebasejs/releases.json [none]
[debug] [2023-12-15T15:16:10.176Z] <<< [apiv2][status] GET https://www.gstatic.com/firebasejs/releases.json 200
[debug] [2023-12-15T15:16:10.176Z] <<< [apiv2][body] GET https://www.gstatic.com/firebasejs/releases.json {"current":{"version":"10.7.1","browserURL":"https://www.gstatic.com/firebasejs/10.7.1/firebase.js","packageURL":"https://www.gstatic.com/firebasejs/10.7.1/firebase.tgz"},"live":{"version":"10.7","browserURL":"https://www.gstatic.com/firebasejs/live/10.7/firebase.js","packageURL":"https://www.gstatic.com/firebasejs/live/10.7/firebase.tgz"},"components":{"analytics":"https://www.gstatic.com/firebasejs/10.7.1/firebase-analytics.js","app":"https://www.gstatic.com/firebasejs/10.7.1/firebase-app.js","app-check":"https://www.gstatic.com/firebasejs/10.7.1/firebase-app-check.js","auth":"https://www.gstatic.com/firebasejs/10.7.1/firebase-auth.js","auth/cordova":"https://www.gstatic.com/firebasejs/10.7.1/firebase-auth/cordova.js","functions":"https://www.gstatic.com/firebasejs/10.7.1/firebase-functions.js","firestore":"https://www.gstatic.com/firebasejs/10.7.1/firebase-firestore.js","firestore/lite":"https://www.gstatic.com/firebasejs/10.7.1/firebase-firestore/lite.js","installations":"https://www.gstatic.com/firebasejs/10.7.1/firebase-installations.js","storage":"https://www.gstatic.com/firebasejs/10.7.1/firebase-storage.js","performance":"https://www.gstatic.com/firebasejs/10.7.1/firebase-performance.js","remote-config":"https://www.gstatic.com/firebasejs/10.7.1/firebase-remote-config.js","messaging":"https://www.gstatic.com/firebasejs/10.7.1/firebase-messaging.js","messaging/sw":"https://www.gstatic.com/firebasejs/10.7.1/firebase-messaging/sw.js","database":"https://www.gstatic.com/firebasejs/10.7.1/firebase-database.js","firestore.memory":"https://www.gstatic.com/firebasejs/10.7.1/firebase-firestore.memory.js"}}
[info] ✔  Wrote public/index.html 
[info] 
[info] i  Detected a .git folder at /Users/ha-jcook/REPOS/Scratch/firebase-test-project 
[info] i  Authorizing with GitHub to upload your service account to a GitHub repository's secrets store. 
[info] 
[info] Visit this URL on this device to log in:
[info] https://github.com/login/oauth/authorize?client_id=89cf50f02ac6aaed3484&state=418742347&redirect_uri=http%3A%2F%2Flocalhost%3A9005&scope=read%3Auser%20repo%20public_repo
[info] 
[info] Waiting for authentication...
[debug] [2023-12-15T15:16:31.094Z] >>> [apiv2][query] POST https://github.com/login/oauth/access_token [none]
[debug] [2023-12-15T15:16:31.095Z] >>> [apiv2][body] POST https://github.com/login/oauth/access_token [stream]
[debug] [2023-12-15T15:16:31.420Z] <<< [apiv2][status] POST https://github.com/login/oauth/access_token 200
[debug] [2023-12-15T15:16:31.421Z] <<< [apiv2][body] POST https://github.com/login/oauth/access_token {"access_token":"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","token_type":"bearer","scope":"read:user,repo"}
[debug] [2023-12-15T15:16:31.428Z] >>> [apiv2][query] GET https://api.github.com/user [none]
[debug] [2023-12-15T15:16:31.710Z] <<< [apiv2][status] GET https://api.github.com/user 200
[debug] [2023-12-15T15:16:31.711Z] <<< [apiv2][body] GET https://api.github.com/user {"login":"R3BLcreative","id":8184465,"node_id":"MDQ6VXNlcjgxODQ0NjU=","avatar_url":"https://avatars.githubusercontent.com/u/8184465?v=4","gravatar_id":"","url":"https://api.github.com/users/R3BLcreative","html_url":"https://github.com/R3BLcreative","followers_url":"https://api.github.com/users/R3BLcreative/followers","following_url":"https://api.github.com/users/R3BLcreative/following{/other_user}","gists_url":"https://api.github.com/users/R3BLcreative/gists{/gist_id}","starred_url":"https://api.github.com/users/R3BLcreative/starred{/owner}{/repo}","subscriptions_url":"https://api.github.com/users/R3BLcreative/subscriptions","organizations_url":"https://api.github.com/users/R3BLcreative/orgs","repos_url":"https://api.github.com/users/R3BLcreative/repos","events_url":"https://api.github.com/users/R3BLcreative/events{/privacy}","received_events_url":"https://api.github.com/users/R3BLcreative/received_events","type":"User","site_admin":false,"name":"R3BL Creative","company":"R3BL Creative","blog":"http://www.r3blcreative.com","location":"United States","email":null,"hireable":null,"bio":null,"twitter_username":null,"public_repos":6,"public_gists":1,"followers":0,"following":0,"created_at":"2014-07-16T21:09:54Z","updated_at":"2023-08-08T14:16:40Z","private_gists":0,"total_private_repos":28,"owned_private_repos":28,"disk_usage":745416,"collaborators":1,"two_factor_authentication":true,"plan":{"name":"free","space":976562499,"collaborators":0,"private_repos":10000}}
[info] 
[info] ✔  Success! Logged into GitHub as R3BLcreative 
[info] 
